<?xml version="1.0" encoding="UTF-8"?>
<!-- Generated by org.testng.reporters.JUnitXMLReporter -->
<testsuite ignored="0" hostname="LTIN205424" failures="0" tests="15" name="Test" time="140.246" errors="0" timestamp="2024-05-06T14:28:27 IST">
  <testcase classname="test.PractoHomeTest" name="setUp" time="31.382"/>
  <testcase classname="test.PractoHomeTest" name="searchDoctor" time="7.392"/>
  <testcase classname="test.FindAndBookTest" name="popularPlace" time="3.284"/>
  <testcase classname="test.FindAndBookTest" name="speciality" time="6.334"/>
  <testcase classname="test.ResultPageTest" name="genderFilter" time="5.432"/>
  <testcase classname="test.ResultPageTest" name="patientStoriesFilter" time="4.291"/>
  <testcase classname="test.ResultPageTest" name="experienceFilter" time="4.471"/>
  <testcase classname="test.ResultPageTest" name="allFilters" time="6.457"/>
  <testcase classname="test.ResultPageTest" name="shortByFilter" time="5.606"/>
  <testcase classname="test.ResultPageTest" name="doctorDetails" time="3.835"/>
  <testcase classname="test.ResultPageTest" name="navigatingToCorporate" time="13.459"/>
  <testcase classname="test.FormPageTest" name="formtest" time="12.411"/>
  <testcase classname="test.FormPageTest" name="formtest" time="8.036"/>
  <testcase classname="test.FormPageTest" name="formtest" time="6.212"/>
  <testcase classname="test.FormPageTest" name="tearDown" time="19.121"/>
</testsuite> <!-- Test -->
